\BOOKMARK [1][-]{section.1}{Introduction}{}% 1
\BOOKMARK [2][-]{subsection.1.1}{Motivation}{section.1}% 2
\BOOKMARK [2][-]{subsection.1.2}{Objectives}{section.1}% 3
\BOOKMARK [2][-]{subsection.1.3}{Solution Idea}{section.1}% 4
\BOOKMARK [1][-]{section.2}{Background}{}% 5
\BOOKMARK [2][-]{subsection.2.1}{Network Components}{section.2}% 6
\BOOKMARK [3][-]{subsubsection.2.1.1}{Network Packets}{subsection.2.1}% 7
\BOOKMARK [3][-]{subsubsection.2.1.2}{Network Address Translator \(NAT\)}{subsection.2.1}% 8
\BOOKMARK [3][-]{subsubsection.2.1.3}{Firewall}{subsection.2.1}% 9
\BOOKMARK [2][-]{subsection.2.2}{Java Features}{section.2}% 10
\BOOKMARK [3][-]{subsubsection.2.2.1}{Java Virtual Machine \(JVM\)}{subsection.2.2}% 11
\BOOKMARK [3][-]{subsubsection.2.2.2}{Java Native Interface \(JNI\)}{subsection.2.2}% 12
\BOOKMARK [3][-]{subsubsection.2.2.3}{Current Java Networking Methods}{subsection.2.2}% 13
\BOOKMARK [4][-]{paragraph.2.2.3.1}{Java Sockets}{subsubsection.2.2.3}% 14
\BOOKMARK [4][-]{paragraph.2.2.3.2}{Remote Method Invocation \(RMI\)}{subsubsection.2.2.3}% 15
\BOOKMARK [4][-]{paragraph.2.2.3.3}{Shared Memory Programming}{subsubsection.2.2.3}% 16
\BOOKMARK [2][-]{subsection.2.3}{jVerbs}{section.2}% 17
\BOOKMARK [2][-]{subsection.2.4}{Native I/O API's}{section.2}% 18
\BOOKMARK [3][-]{subsubsection.2.4.1}{DPDK}{subsection.2.4}% 19
\BOOKMARK [3][-]{subsubsection.2.4.2}{Netmap}{subsection.2.4}% 20
\BOOKMARK [1][-]{section.3}{Project Plan}{}% 21
\BOOKMARK [2][-]{subsection.3.1}{Time Plan}{section.3}% 22
\BOOKMARK [3][-]{subsubsection.3.1.1}{Key Milestones}{subsection.3.1}% 23
\BOOKMARK [3][-]{subsubsection.3.1.2}{Time Estimations}{subsection.3.1}% 24
\BOOKMARK [3][-]{subsubsection.3.1.3}{Completed Milestones}{subsection.3.1}% 25
\BOOKMARK [2][-]{subsection.3.2}{Fall Back Position}{section.3}% 26
\BOOKMARK [2][-]{subsection.3.3}{Possible Extensions}{section.3}% 27
\BOOKMARK [3][-]{subsubsection.3.3.1}{Off Heap Java Memory}{subsection.3.3}% 28
\BOOKMARK [3][-]{subsubsection.3.3.2}{Limit Testing}{subsection.3.3}% 29
\BOOKMARK [1][-]{section.4}{Evaluation Plan}{}% 30
\BOOKMARK [2][-]{subsection.4.1}{Experiments \046 Outcomes}{section.4}% 31
\BOOKMARK [2][-]{subsection.4.2}{Functionality \046 Usability}{section.4}% 32
\BOOKMARK [1][-]{section.5}{References}{}% 33
